-------------------------------------------------------------------------------
Test set: com.creditapp.CreditAppServerApplicationTest
-------------------------------------------------------------------------------
Tests run: 1, Failures: 0, Errors: 1, Skipped: 0, Time elapsed: 0.164 s <<< FAILURE! - in com.creditapp.CreditAppServerApplicationTest
initializationError(com.creditapp.CreditAppServerApplicationTest)  Time elapsed: 0.006 s  <<< ERROR!
java.lang.Exception: No runnable methods

